#
# A fatal error has been detected by the Java Runtime Environment:
#
#  EXCEPTION_ACCESS_VIOLATION (0xc0000005) at pc=0x0000000066c04e07, pid=11816, tid=0x0000000000002d24
#
# JRE version: Java(TM) SE Runtime Environment (8.0_201-b09) (build 1.8.0_201-b09)
# Java VM: Java HotSpot(TM) 64-Bit Server VM (25.201-b09 mixed mode windows-amd64 compressed oops)
# Problematic frame:
# V  [jvm.dll+0x214e07]
#
# Failed to write core dump. Minidumps are not enabled by default on client versions of Windows
#
# If you would like to submit a bug report, please visit:
#   http://bugreport.java.com/bugreport/crash.jsp
#

---------------  T H R E A D  ---------------

Current thread (0x000000001a9b4000):  JavaThread "spring.cloud.inetutils" daemon [_thread_in_vm, id=11556, stack(0x000000001c0b0000,0x000000001c1b0000)]

siginfo: ExceptionCode=0xc0000005, writing address 0x000000001c1a8be0

Registers:
RAX=0x000000001c1a8be0, RBX=0x0000000000000007, RCX=0x0000000000006000, RDX=0x0000000000000010
RSP=0x000000001c1aebe0, RBP=0x0000000000000000, RSI=0x000000001c1aebe0, RDI=0x0000000000000007
R8 =0x0000000000000010, R9 =0x000000001a993120, R10=0x00000000171c74a8, R11=0x000000001c0ba1a8
R12=0x000000001a993120, R13=0x000000001a9b4000, R14=0x000000001c1aed10, R15=0x00000000171c74a8
RIP=0x0000000066c04e07, EFLAGS=0x0000000000010202

Top of Stack: (sp=0x000000001c1aebe0)
0x000000001c1aebe0:   00000000171c74a8 000000001a9b4000
0x000000001c1aebf0:   000000001a9b4000 000000001a993120
0x000000001c1aec00:   00000000ffffffff 0000000066c05d37
0x000000001c1aec10:   000000001c1aed10 00000000171c74a8
0x000000001c1aec20:   000000001a9b4000 000000001a9b4000
0x000000001c1aec30:   00000000ffffffff 0000000066bf473b
0x000000001c1aec40:   000000001c1aecc0 00000000ffffffff
0x000000001c1aec50:   00000000171c74a8 000000001a9b4000
0x000000001c1aec60:   0000000003093be0 000000001a9b4000
0x000000001c1aec70:   000000001c1aed30 0000000066aae6ac
0x000000001c1aec80:   000000001c1aee30 000000001c1aed30
0x000000001c1aec90:   006100760061004a 00000000171c74a8
0x000000001c1aeca0:   000000001a9b4000 006e0049005f0074
0x000000001c1aecb0:   0041003600740065 0065007200640064
0x000000001c1aecc0:   000000001c1aefc8 000000001a9b4000
0x000000001c1aecd0:   006f004800740065 0079004200740073 

Instructions: (pc=0x0000000066c04e07)
0x0000000066c04de7:   48 89 6c 24 30 33 ed 66 90 e8 0b 5d 08 00 ff c3
0x0000000066c04df7:   48 63 c8 48 8b c6 48 0f af cf 48 ff c7 48 2b c1
0x0000000066c04e07:   89 28 48 63 c3 48 3b 05 95 9a 59 00 7e db 48 8b
0x0000000066c04e17:   6c 24 30 48 8b 5c 24 38 48 8b 74 24 40 48 83 c4 


Register to memory mapping:

RAX=0x000000001c1a8be0 is pointing into the stack for thread: 0x000000001a9b4000
RBX=0x0000000000000007 is an unknown value
RCX=0x0000000000006000 is an unknown value
RDX=0x0000000000000010 is an unknown value
RSP=0x000000001c1aebe0 is pointing into the stack for thread: 0x000000001a9b4000
RBP=0x0000000000000000 is an unknown value
RSI=0x000000001c1aebe0 is pointing into the stack for thread: 0x000000001a9b4000
RDI=0x0000000000000007 is an unknown value
R8 =0x0000000000000010 is an unknown value
R9 =0x000000001a993120 is an unknown value
R10={method} {0x00000000171c74b0} 'findNative' '(Ljava/lang/ClassLoader;Ljava/lang/String;)J' in 'java/lang/ClassLoader'
R11=0x000000001c0ba1a8 is pointing into the stack for thread: 0x000000001a9b4000
R12=0x000000001a993120 is an unknown value
R13=0x000000001a9b4000 is a thread
R14=0x000000001c1aed10 is pointing into the stack for thread: 0x000000001a9b4000
R15={method} {0x00000000171c74b0} 'findNative' '(Ljava/lang/ClassLoader;Ljava/lang/String;)J' in 'java/lang/ClassLoader'


Stack: [0x000000001c0b0000,0x000000001c1b0000],  sp=0x000000001c1aebe0,  free space=1018k
Native frames: (J=compiled Java code, j=interpreted, Vv=VM code, C=native code)

Java frames: (J=compiled Java code, j=interpreted, Vv=VM code)
j  java.net.Inet6AddressImpl.getHostByAddr([B)Ljava/lang/String;+0
j  java.net.InetAddress$2.getHostByAddr([B)Ljava/lang/String;+4
j  java.net.InetAddress.getHostFromNameService(Ljava/net/InetAddress;Z)Ljava/lang/String;+37
j  java.net.InetAddress.getHostName(Z)Ljava/lang/String;+16
j  java.net.InetAddress.getHostName()Ljava/lang/String;+2
j  org.springframework.cloud.commons.util.InetUtils$$Lambda$92.call()Ljava/lang/Object;+4
j  java.util.concurrent.FutureTask.run()V+42
j  java.util.concurrent.ThreadPoolExecutor.runWorker(Ljava/util/concurrent/ThreadPoolExecutor$Worker;)V+95
j  java.util.concurrent.ThreadPoolExecutor$Worker.run()V+5
j  java.lang.Thread.run()V+11
v  ~StubRoutines::call_stub

---------------  P R O C E S S  ---------------

Java Threads: ( => current thread )
=>0x000000001a9b4000 JavaThread "spring.cloud.inetutils" daemon [_thread_in_vm, id=11556, stack(0x000000001c0b0000,0x000000001c1b0000)]
  0x000000001a998800 JavaThread "RMI Scheduler(0)" daemon [_thread_blocked, id=11976, stack(0x000000001beb0000,0x000000001bfb0000)]
  0x000000001a95e000 JavaThread "RMI TCP Connection(1)-172.16.43.173" daemon [_thread_in_native, id=11984, stack(0x000000001bdb0000,0x000000001beb0000)]
  0x0000000019a73800 JavaThread "background-preinit" [_thread_in_Java, id=11960, stack(0x000000001a5c0000,0x000000001a6c0000)]
  0x0000000019870000 JavaThread "RMI TCP Accept-0" daemon [_thread_in_native, id=11944, stack(0x000000001a1c0000,0x000000001a2c0000)]
  0x0000000019615800 JavaThread "Service Thread" daemon [_thread_blocked, id=11920, stack(0x000000001a0c0000,0x000000001a1c0000)]
  0x0000000019606000 JavaThread "C1 CompilerThread2" daemon [_thread_blocked, id=11896, stack(0x0000000019fc0000,0x000000001a0c0000)]
  0x00000000195ab800 JavaThread "C2 CompilerThread1" daemon [_thread_blocked, id=11912, stack(0x0000000019ec0000,0x0000000019fc0000)]
  0x00000000195a4800 JavaThread "C2 CompilerThread0" daemon [_thread_blocked, id=11800, stack(0x0000000019dc0000,0x0000000019ec0000)]
  0x00000000195a1800 JavaThread "Monitor Ctrl-Break" daemon [_thread_in_native, id=11740, stack(0x0000000019cc0000,0x0000000019dc0000)]
  0x0000000018f03800 JavaThread "Attach Listener" daemon [_thread_blocked, id=11744, stack(0x00000000193c0000,0x00000000194c0000)]
  0x0000000017b66000 JavaThread "Signal Dispatcher" daemon [_thread_blocked, id=11720, stack(0x00000000192c0000,0x00000000193c0000)]
  0x0000000002e7b800 JavaThread "Finalizer" daemon [_thread_blocked, id=11656, stack(0x0000000018dc0000,0x0000000018ec0000)]
  0x0000000002e78000 JavaThread "Reference Handler" daemon [_thread_blocked, id=11652, stack(0x0000000018cc0000,0x0000000018dc0000)]
  0x0000000002d88000 JavaThread "main" [_thread_blocked, id=8648, stack(0x0000000002c80000,0x0000000002d80000)]

Other Threads:
  0x0000000017b17800 VMThread [stack: 0x0000000018bc0000,0x0000000018cc0000] [id=11648]
  0x0000000019878800 WatcherThread [stack: 0x000000001a2c0000,0x000000001a3c0000] [id=11948]

VM state:not at safepoint (normal execution)

VM Mutex/Monitor currently owned by a thread: None

heap address: 0x0000000082200000, size: 2014 MB, Compressed Oops mode: 32-bit
Narrow klass base: 0x0000000000000000, Narrow klass shift: 3
Compressed class space size: 1073741824 Address: 0x0000000100000000

Heap:
 PSYoungGen      total 37888K, used 35304K [0x00000000d6100000, 0x00000000dab00000, 0x0000000100000000)
  eden space 32768K, 92% used [0x00000000d6100000,0x00000000d7e7a6d8,0x00000000d8100000)
  from space 5120K, 99% used [0x00000000d8100000,0x00000000d85ff958,0x00000000d8600000)
  to   space 5120K, 0% used [0x00000000da600000,0x00000000da600000,0x00000000dab00000)
 ParOldGen       total 86016K, used 148K [0x0000000082200000, 0x0000000087600000, 0x00000000d6100000)
  object space 86016K, 0% used [0x0000000082200000,0x00000000822253a8,0x0000000087600000)
 Metaspace       used 17477K, capacity 17926K, committed 18048K, reserved 1064960K
  class space    used 2253K, capacity 2393K, committed 2432K, reserved 1048576K

Card table byte_map: [0x0000000012440000,0x0000000012830000] byte_map_base: 0x000000001202f000

Marking Bits: (ParMarkBitMap*) 0x0000000067214ce0
 Begin Bits: [0x0000000012ed0000, 0x0000000014e48000)
 End Bits:   [0x0000000014e48000, 0x0000000016dc0000)

Polling page: 0x0000000000d80000

CodeCache: size=245760Kb used=2984Kb max_used=2984Kb free=242775Kb
 bounds [0x0000000003080000, 0x0000000003370000, 0x0000000012080000]
 total_blobs=1627 nmethods=1235 adapters=305
 compilation: enabled

Compilation events (10 events):
Event: 1.397 Thread 0x0000000019606000 1227       1       java.lang.invoke.MethodHandleNatives::refKindIsMethod (19 bytes)
Event: 1.397 Thread 0x0000000019606000 nmethod 1227 0x0000000003365010 code [0x0000000003365160, 0x0000000003365290]
Event: 1.397 Thread 0x0000000019606000 1228       1       java.lang.invoke.MethodHandles$Lookup::<init> (15 bytes)
Event: 1.397 Thread 0x0000000019606000 nmethod 1228 0x00000000033652d0 code [0x0000000003365420, 0x0000000003365550]
Event: 1.397 Thread 0x0000000019606000 1229       1       java.lang.invoke.InnerClassLambdaMetafactory::getOpcodeOffset (38 bytes)
Event: 1.397 Thread 0x0000000019606000 nmethod 1229 0x0000000003365590 code [0x0000000003365700, 0x00000000033658a8]
Event: 1.401 Thread 0x0000000019606000 1230   !   1       sun.net.www.ParseUtil::decode (316 bytes)
Event: 1.403 Thread 0x0000000019606000 nmethod 1230 0x0000000003365b90 code [0x0000000003365ee0, 0x00000000033671e8]
Event: 1.403 Thread 0x0000000019606000 1232       1       java.lang.invoke.MethodHandles$Lookup::checkAccess (250 bytes)
Event: 1.404 Thread 0x0000000019606000 nmethod 1232 0x0000000003368c90 code [0x0000000003368e80, 0x0000000003369428]

GC Heap History (6 events):
Event: 0.791 GC heap before
{Heap before GC invocations=1 (full 0):
 PSYoungGen      total 37888K, used 32768K [0x00000000d6100000, 0x00000000d8b00000, 0x0000000100000000)
  eden space 32768K, 100% used [0x00000000d6100000,0x00000000d8100000,0x00000000d8100000)
  from space 5120K, 0% used [0x00000000d8600000,0x00000000d8600000,0x00000000d8b00000)
  to   space 5120K, 0% used [0x00000000d8100000,0x00000000d8100000,0x00000000d8600000)
 ParOldGen       total 86016K, used 0K [0x0000000082200000, 0x0000000087600000, 0x00000000d6100000)
  object space 86016K, 0% used [0x0000000082200000,0x0000000082200000,0x0000000087600000)
 Metaspace       used 10136K, capacity 10364K, committed 10624K, reserved 1058816K
  class space    used 1233K, capacity 1304K, committed 1408K, reserved 1048576K
Event: 0.795 GC heap after
Heap after GC invocations=1 (full 0):
 PSYoungGen      total 37888K, used 4264K [0x00000000d6100000, 0x00000000d8b00000, 0x0000000100000000)
  eden space 32768K, 0% used [0x00000000d6100000,0x00000000d6100000,0x00000000d8100000)
  from space 5120K, 83% used [0x00000000d8100000,0x00000000d852a3f0,0x00000000d8600000)
  to   space 5120K, 0% used [0x00000000d8600000,0x00000000d8600000,0x00000000d8b00000)
 ParOldGen       total 86016K, used 16K [0x0000000082200000, 0x0000000087600000, 0x00000000d6100000)
  object space 86016K, 0% used [0x0000000082200000,0x0000000082204000,0x0000000087600000)
 Metaspace       used 10136K, capacity 10364K, committed 10624K, reserved 1058816K
  class space    used 1233K, capacity 1304K, committed 1408K, reserved 1048576K
}
Event: 1.001 GC heap before
{Heap before GC invocations=2 (full 0):
 PSYoungGen      total 37888K, used 37032K [0x00000000d6100000, 0x00000000d8b00000, 0x0000000100000000)
  eden space 32768K, 100% used [0x00000000d6100000,0x00000000d8100000,0x00000000d8100000)
  from space 5120K, 83% used [0x00000000d8100000,0x00000000d852a3f0,0x00000000d8600000)
  to   space 5120K, 0% used [0x00000000d8600000,0x00000000d8600000,0x00000000d8b00000)
 ParOldGen       total 86016K, used 16K [0x0000000082200000, 0x0000000087600000, 0x00000000d6100000)
  object space 86016K, 0% used [0x0000000082200000,0x0000000082204000,0x0000000087600000)
 Metaspace       used 13238K, capacity 13534K, committed 13824K, reserved 1060864K
  class space    used 1638K, capacity 1757K, committed 1792K, reserved 1048576K
Event: 1.018 GC heap after
Heap after GC invocations=2 (full 0):
 PSYoungGen      total 37888K, used 5096K [0x00000000d6100000, 0x00000000dab00000, 0x0000000100000000)
  eden space 32768K, 0% used [0x00000000d6100000,0x00000000d6100000,0x00000000d8100000)
  from space 5120K, 99% used [0x00000000d8600000,0x00000000d8afa1d8,0x00000000d8b00000)
  to   space 5120K, 0% used [0x00000000d8100000,0x00000000d8100000,0x00000000d8600000)
 ParOldGen       total 86016K, used 140K [0x0000000082200000, 0x0000000087600000, 0x00000000d6100000)
  object space 86016K, 0% used [0x0000000082200000,0x00000000822233a8,0x0000000087600000)
 Metaspace       used 13238K, capacity 13534K, committed 13824K, reserved 1060864K
  class space    used 1638K, capacity 1757K, committed 1792K, reserved 1048576K
}
Event: 1.222 GC heap before
{Heap before GC invocations=3 (full 0):
 PSYoungGen      total 37888K, used 37864K [0x00000000d6100000, 0x00000000dab00000, 0x0000000100000000)
  eden space 32768K, 100% used [0x00000000d6100000,0x00000000d8100000,0x00000000d8100000)
  from space 5120K, 99% used [0x00000000d8600000,0x00000000d8afa1d8,0x00000000d8b00000)
  to   space 5120K, 0% used [0x00000000d8100000,0x00000000d8100000,0x00000000d8600000)
 ParOldGen       total 86016K, used 140K [0x0000000082200000, 0x0000000087600000, 0x00000000d6100000)
  object space 86016K, 0% used [0x0000000082200000,0x00000000822233a8,0x0000000087600000)
 Metaspace       used 14445K, capacity 14830K, committed 15104K, reserved 1062912K
  class space    used 1880K, capacity 1995K, committed 2048K, reserved 1048576K
Event: 1.231 GC heap after
Heap after GC invocations=3 (full 0):
 PSYoungGen      total 37888K, used 5118K [0x00000000d6100000, 0x00000000dab00000, 0x0000000100000000)
  eden space 32768K, 0% used [0x00000000d6100000,0x00000000d6100000,0x00000000d8100000)
  from space 5120K, 99% used [0x00000000d8100000,0x00000000d85ff958,0x00000000d8600000)
  to   space 5120K, 0% used [0x00000000da600000,0x00000000da600000,0x00000000dab00000)
 ParOldGen       total 86016K, used 148K [0x0000000082200000, 0x0000000087600000, 0x00000000d6100000)
  object space 86016K, 0% used [0x0000000082200000,0x00000000822253a8,0x0000000087600000)
 Metaspace       used 14445K, capacity 14830K, committed 15104K, reserved 1062912K
  class space    used 1880K, capacity 1995K, committed 2048K, reserved 1048576K
}

Deoptimization events (0 events):
No events

Classes redefined (0 events):
No events

Internal exceptions (10 events):
Event: 1.192 Thread 0x0000000019a73800 Exception <a 'java/lang/ArrayIndexOutOfBoundsException'> (0x00000000d7c045e0) thrown at [C:\re\workspace\8-2-build-windows-amd64-cygwin\jdk8u201\12322\hotspot\src\share\vm\runtime\sharedRuntime.cpp, line 605]
Event: 1.192 Thread 0x0000000019a73800 Exception <a 'java/lang/ArrayIndexOutOfBoundsException'> (0x00000000d7c245b0) thrown at [C:\re\workspace\8-2-build-windows-amd64-cygwin\jdk8u201\12322\hotspot\src\share\vm\runtime\sharedRuntime.cpp, line 605]
Event: 1.253 Thread 0x0000000019a73800 Exception <a 'java/lang/ArrayIndexOutOfBoundsException'> (0x00000000d651d3b0) thrown at [C:\re\workspace\8-2-build-windows-amd64-cygwin\jdk8u201\12322\hotspot\src\share\vm\runtime\sharedRuntime.cpp, line 605]
Event: 1.253 Thread 0x0000000019a73800 Exception <a 'java/lang/ArrayIndexOutOfBoundsException'> (0x00000000d651df38) thrown at [C:\re\workspace\8-2-build-windows-amd64-cygwin\jdk8u201\12322\hotspot\src\share\vm\runtime\sharedRuntime.cpp, line 605]
Event: 1.253 Thread 0x0000000019a73800 Exception <a 'java/lang/ArrayIndexOutOfBoundsException'> (0x00000000d651fa08) thrown at [C:\re\workspace\8-2-build-windows-amd64-cygwin\jdk8u201\12322\hotspot\src\share\vm\runtime\sharedRuntime.cpp, line 605]
Event: 1.366 Thread 0x000000001a95e000 Exception <a 'java/lang/NoSuchMethodError': <clinit>> (0x00000000d7651958) thrown at [C:\re\workspace\8-2-build-windows-amd64-cygwin\jdk8u201\12322\hotspot\src\share\vm\prims\jni.cpp, line 1613]
Event: 1.370 Thread 0x000000001a95e000 Exception <a 'java/lang/ClassNotFoundException': javax/management/remote/rmi/RMIConnectionImpl_Skel> (0x00000000d76da4a8) thrown at [C:\re\workspace\8-2-build-windows-amd64-cygwin\jdk8u201\12322\hotspot\src\share\vm\classfile\systemDictionary.cpp, line 21
Event: 1.376 Thread 0x000000001a95e000 Exception <a 'java/lang/reflect/InvocationTargetException'> (0x00000000d786e3d8) thrown at [C:\re\workspace\8-2-build-windows-amd64-cygwin\jdk8u201\12322\hotspot\src\share\vm\runtime\reflection.cpp, line 1092]
Event: 1.378 Thread 0x000000001a95e000 Exception <a 'java/lang/NoSuchMethodError': <clinit>> (0x00000000d7906098) thrown at [C:\re\workspace\8-2-build-windows-amd64-cygwin\jdk8u201\12322\hotspot\src\share\vm\prims\jni.cpp, line 1613]
Event: 1.385 Thread 0x0000000019a73800 Exception <a 'java/lang/IncompatibleClassChangeError': Found class java.lang.Object, but interface was expected> (0x00000000d7a1b590) thrown at [C:\re\workspace\8-2-build-windows-amd64-cygwin\jdk8u201\12322\hotspot\src\share\vm\interpreter\linkResolver.cp

Events (10 events):
Event: 1.402 loading class org/apache/catalina/mbeans/LocalStrings_zh_CN done
Event: 1.402 loading class org/apache/catalina/mbeans/LocalStrings_zh_Hans
Event: 1.402 loading class org/apache/catalina/mbeans/LocalStrings_zh_Hans done
Event: 1.403 loading class org/springframework/cloud/commons/util/InetUtils$HostInfo
Event: 1.403 loading class org/springframework/cloud/commons/util/InetUtils$HostInfo done
Event: 1.403 loading class org/apache/catalina/mbeans/LocalStrings_zh_Hans_CN
Event: 1.403 loading class org/apache/catalina/mbeans/LocalStrings_zh_Hans_CN done
Event: 1.404 Thread 0x000000001a9b4000 Thread added: 0x000000001a9b4000
Event: 1.404 loading class org/apache/catalina/mbeans/MBeanUtils
Event: 1.404 loading class org/apache/catalina/mbeans/MBeanUtils done


Dynamic libraries:
0x00007ff62ccd0000 - 0x00007ff62cd07000 	D:\Program Files\Java\jdk1.8.0_201\bin\java.exe
0x00007ffff7ce0000 - 0x00007ffff7ecd000 	C:\Windows\SYSTEM32\ntdll.dll
0x00007ffff5dd0000 - 0x00007ffff5e83000 	C:\Windows\System32\KERNEL32.DLL
0x00007ffff4a20000 - 0x00007ffff4cb3000 	C:\Windows\System32\KERNELBASE.dll
0x00007ffff6320000 - 0x00007ffff63c3000 	C:\Windows\System32\ADVAPI32.DLL
0x00007ffff5d20000 - 0x00007ffff5dbe000 	C:\Windows\System32\msvcrt.dll
0x00007ffff4fc0000 - 0x00007ffff505e000 	C:\Windows\System32\sechost.dll
0x00007ffff7ad0000 - 0x00007ffff7bf2000 	C:\Windows\System32\RPCRT4.dll
0x00007ffff5b80000 - 0x00007ffff5d17000 	C:\Windows\System32\USER32.dll
0x00007ffff4cc0000 - 0x00007ffff4ce0000 	C:\Windows\System32\win32u.dll
0x00007ffff5720000 - 0x00007ffff5749000 	C:\Windows\System32\GDI32.dll
0x00007ffff4d70000 - 0x00007ffff4f0a000 	C:\Windows\System32\gdi32full.dll
0x00007ffff3e60000 - 0x00007ffff3f00000 	C:\Windows\System32\msvcp_win.dll
0x00007ffff3fa0000 - 0x00007ffff409a000 	C:\Windows\System32\ucrtbase.dll
0x00007fffe6fb0000 - 0x00007fffe7229000 	C:\Windows\WinSxS\amd64_microsoft.windows.common-controls_6595b64144ccf1df_6.0.17763.557_none_05b63f68071e5b9f\COMCTL32.dll
0x00007ffff50c0000 - 0x00007ffff53ec000 	C:\Windows\System32\combase.dll
0x00007ffff3f00000 - 0x00007ffff3f7e000 	C:\Windows\System32\bcryptPrimitives.dll
0x00007ffff4f10000 - 0x00007ffff4f3e000 	C:\Windows\System32\IMM32.DLL
0x00000000672a0000 - 0x0000000067371000 	D:\Program Files\Java\jdk1.8.0_201\jre\bin\msvcr100.dll
0x00000000669f0000 - 0x0000000067294000 	D:\Program Files\Java\jdk1.8.0_201\jre\bin\server\jvm.dll
0x00007ffff5dc0000 - 0x00007ffff5dc8000 	C:\Windows\System32\PSAPI.DLL
0x00007ffff0ab0000 - 0x00007ffff0ad4000 	C:\Windows\SYSTEM32\WINMM.dll
0x00007ffff0a70000 - 0x00007ffff0a9d000 	C:\Windows\SYSTEM32\WINMMBASE.dll
0x00007ffff49d0000 - 0x00007ffff4a1a000 	C:\Windows\System32\cfgmgr32.dll
0x00007fffdeca0000 - 0x00007fffdeca9000 	C:\Windows\SYSTEM32\WSOCK32.dll
0x00007ffff56b0000 - 0x00007ffff571d000 	C:\Windows\System32\WS2_32.dll
0x00007fffeabb0000 - 0x00007fffeabba000 	C:\Windows\SYSTEM32\VERSION.dll
0x00007fffe2cc0000 - 0x00007fffe2ccf000 	D:\Program Files\Java\jdk1.8.0_201\jre\bin\verify.dll
0x00007fffd6450000 - 0x00007fffd6479000 	D:\Program Files\Java\jdk1.8.0_201\jre\bin\java.dll
0x00007fffe5560000 - 0x00007fffe5583000 	D:\Program Files\Java\jdk1.8.0_201\jre\bin\instrument.dll
0x00007fffd6430000 - 0x00007fffd6446000 	D:\Program Files\Java\jdk1.8.0_201\jre\bin\zip.dll
0x00007ffff65e0000 - 0x00007ffff7ad0000 	C:\Windows\System32\SHELL32.dll
0x00007ffff5600000 - 0x00007ffff56a8000 	C:\Windows\System32\shcore.dll
0x00007ffff4280000 - 0x00007ffff49ca000 	C:\Windows\System32\windows.storage.dll
0x00007ffff3d20000 - 0x00007ffff3d44000 	C:\Windows\System32\profapi.dll
0x00007ffff3d50000 - 0x00007ffff3dad000 	C:\Windows\System32\powrprof.dll
0x00007ffff6580000 - 0x00007ffff65d2000 	C:\Windows\System32\shlwapi.dll
0x00007ffff3d00000 - 0x00007ffff3d11000 	C:\Windows\System32\kernel.appcore.dll
0x00007ffff3f80000 - 0x00007ffff3f97000 	C:\Windows\System32\cryptsp.dll
0x00007fffe9cc0000 - 0x00007fffe9cda000 	D:\Program Files\JetBrains\IntelliJ IDEA 2018.3.5\bin\breakgen64.dll
0x00007fffd6410000 - 0x00007fffd642a000 	D:\Program Files\Java\jdk1.8.0_201\jre\bin\net.dll
0x00007fffea080000 - 0x00007fffea257000 	C:\Windows\SYSTEM32\urlmon.dll
0x00007fffe8260000 - 0x00007fffe8508000 	C:\Windows\SYSTEM32\iertutil.dll
0x00007ffff36a0000 - 0x00007ffff36ac000 	C:\Windows\SYSTEM32\CRYPTBASE.DLL
0x00007ffff34d0000 - 0x00007ffff3537000 	C:\Windows\system32\mswsock.dll
0x00007ffff3270000 - 0x00007ffff3336000 	C:\Windows\SYSTEM32\DNSAPI.dll
0x00007ffff5e90000 - 0x00007ffff5e98000 	C:\Windows\System32\NSI.dll
0x00007ffff3230000 - 0x00007ffff326d000 	C:\Windows\SYSTEM32\IPHLPAPI.DLL
0x00007fffe8510000 - 0x00007fffe851a000 	C:\Windows\System32\rasadhlp.dll
0x00007fffe9f70000 - 0x00007fffe9fe9000 	C:\Windows\System32\fwpuclnt.dll
0x00007ffff4ce0000 - 0x00007ffff4d06000 	C:\Windows\System32\bcrypt.dll
0x00007fffe68b0000 - 0x00007fffe68bd000 	D:\Program Files\Java\jdk1.8.0_201\jre\bin\management.dll
0x00007fffd5aa0000 - 0x00007fffd5ab1000 	D:\Program Files\Java\jdk1.8.0_201\jre\bin\nio.dll
0x00007ffff3090000 - 0x00007ffff30c3000 	C:\Windows\system32\rsaenh.dll
0x00007ffff3be0000 - 0x00007ffff3c08000 	C:\Windows\SYSTEM32\USERENV.dll
0x00007fffeacb0000 - 0x00007fffeacc6000 	C:\Windows\SYSTEM32\dhcpcsvc6.DLL
0x00007fffeab90000 - 0x00007fffeabac000 	C:\Windows\SYSTEM32\dhcpcsvc.DLL
0x00007fffde720000 - 0x00007fffde736000 	C:\Windows\system32\napinsp.dll
0x00007fffdde50000 - 0x00007fffdde6a000 	C:\Windows\system32\pnrpnsp.dll
0x00007fffde770000 - 0x00007fffde77e000 	C:\Windows\System32\winrnr.dll
0x00007ffff0570000 - 0x00007ffff058b000 	C:\Windows\system32\NLAapi.dll
0x00007fffdebe0000 - 0x00007fffdebf5000 	C:\Windows\system32\wshbth.dll

VM Arguments:
jvm_args: -XX:TieredStopAtLevel=1 -Xverify:none -Dspring.output.ansi.enabled=always -Dcom.sun.management.jmxremote -Dspring.liveBeansView.mbeanDomain -Dspring.application.admin.enabled=true -javaagent:D:\Program Files\JetBrains\IntelliJ IDEA 2018.3.5\lib\idea_rt.jar=64787:D:\Program Files\JetBrains\IntelliJ IDEA 2018.3.5\bin -Dfile.encoding=UTF-8 
java_command: com.itheima.eurekaprovider.EurekaProviderApplication
java_class_path (initial): D:\Program Files\Java\jdk1.8.0_201\jre\lib\charsets.jar;D:\Program Files\Java\jdk1.8.0_201\jre\lib\deploy.jar;D:\Program Files\Java\jdk1.8.0_201\jre\lib\ext\access-bridge-64.jar;D:\Program Files\Java\jdk1.8.0_201\jre\lib\ext\cldrdata.jar;D:\Program Files\Java\jdk1.8.0_201\jre\lib\ext\dnsns.jar;D:\Program Files\Java\jdk1.8.0_201\jre\lib\ext\jaccess.jar;D:\Program Files\Java\jdk1.8.0_201\jre\lib\ext\jfxrt.jar;D:\Program Files\Java\jdk1.8.0_201\jre\lib\ext\localedata.jar;D:\Program Files\Java\jdk1.8.0_201\jre\lib\ext\nashorn.jar;D:\Program Files\Java\jdk1.8.0_201\jre\lib\ext\sunec.jar;D:\Program Files\Java\jdk1.8.0_201\jre\lib\ext\sunjce_provider.jar;D:\Program Files\Java\jdk1.8.0_201\jre\lib\ext\sunmscapi.jar;D:\Program Files\Java\jdk1.8.0_201\jre\lib\ext\sunpkcs11.jar;D:\Program Files\Java\jdk1.8.0_201\jre\lib\ext\zipfs.jar;D:\Program Files\Java\jdk1.8.0_201\jre\lib\javaws.jar;D:\Program Files\Java\jdk1.8.0_201\jre\lib\jce.jar;D:\Program Files\Java\jdk1.8.0_201\jre\lib\jfr.jar;D:\Program Files\Java\jdk1.8.0_201\jre\lib\jfxswt.jar;D:\Program Files\Java\jdk1.8.0_201\jre\lib\jsse.jar;D:\Program Files\Java\jdk1.8.0_201\jre\lib\management-agent.jar;D:\Program Files\Java\jdk1.8.0_201\jre\lib\plugin.jar;D:\Program Files\Java\jdk1.8.0_201\jre\lib\resources.jar;D:\Program Files\Java\jdk1.8.0_201\jre\lib\rt.jar;D:\eureka-provider\target\classes;C:\Users\itcast\.m2\repository\org\springframework\cloud\spring-cloud-starter-netflix-eureka-client\2.1.2.RELEASE\spring-cloud-starter-netflix-eureka-client-2.1.2.RELEASE.jar;C:\Users\itcast\.m2\repository\org\springframework\cloud\spring-cloud-starter\2.1.2.RELEASE\spring-cloud-starter-2.1.2.RELEASE.jar;C:\Users\itcast\.m2\repository\org\springframework\cloud\spring-cloud-context\2.1.2.RELEASE\spring-cloud-context-2.1.2.RELEASE.jar;C:\Users\itcast\.m2\repository\org\springframework\security\spring-security-crypto\5.1.6.RELEASE\spring-security-crypto-5.1.6.RELEASE.jar;C:\Users\itcast\.m2\repository\org\sprin
Launcher Type: SUN_STANDARD

Environment Variables:
JAVA_HOME=D:\Program Files\Java\jdk1.8.0_201
CLASSPATH=".;D:\Program Files\Java\jdk1.8.0_201\lib\dt.jar;D:\Program Files\Java\jdk1.8.0_201\lib\tools.jar;";
PATH=D:\app\itcast\product\11.2.0\dbhome_1\bin;C:\Program Files (x86)\Common Files\Oracle\Java\javapath;C:\Windows\system32;C:\Windows;C:\Windows\System32\Wbem;C:\Windows\System32\WindowsPowerShell\v1.0\;C:\Windows\System32\OpenSSH\;D:\Program Files\Java\jdk1.8.0_201\bin;D:\maven\apache-maven-3.6.0\bin;D:\Java\mysql\bin;D:\Java\tomcat\apache-tomcat-8.5.39\bin;D:\Java\tomcat\apache-tomcat-8.5.39\lib;D:\Java\plsql\PLSQL\instantclient_11_2;D:\Java\maven\apache-maven-3.6.0\bin;C:\Users\itcast\AppData\Local\Microsoft\WindowsApps;C:\Users\itcast\AppData\Local\BypassRuntm;D:\Java\mysql\mysqlData\mysql-8.0.15-winx64\bin;
USERNAME=itcast
OS=Windows_NT
PROCESSOR_IDENTIFIER=Intel64 Family 6 Model 158 Stepping 11, GenuineIntel



---------------  S Y S T E M  ---------------

OS: Windows 10.0 , 64 bit Build 17763 (10.0.17763.475)

CPU:total 4 (initial active 4) (4 cores per cpu, 1 threads per core) family 6 model 158 stepping 11, cmov, cx8, fxsr, mmx, sse, sse2, sse3, ssse3, sse4.1, sse4.2, popcnt, avx, avx2, aes, clmul, erms, 3dnowpref, lzcnt, tsc, tscinvbit, bmi1, bmi2, adx

Memory: 4k page, physical 8246724k(1887400k free), swap 9295300k(103680k free)

vm_info: Java HotSpot(TM) 64-Bit Server VM (25.201-b09) for windows-amd64 JRE (1.8.0_201-b09), built on Dec 15 2018 18:36:39 by "java_re" with MS VC++ 10.0 (VS2010)

time: Wed Sep 11 18:04:05 2019
timezone: 中国标准时间
elapsed time: 1 seconds (0d 0h 0m 1s)

