#
# There is insufficient memory for the Java Runtime Environment to continue.
# Native memory allocation (malloc) failed to allocate 32744 bytes for ChunkPool::allocate
# Possible reasons:
#   The system is out of physical RAM or swap space
#   The process is running with CompressedOops enabled, and the Java Heap may be blocking the growth of the native heap
# Possible solutions:
#   Reduce memory load on the system
#   Increase physical memory or swap space
#   Check if swap backing store is full
#   Decrease Java heap size (-Xmx/-Xms)
#   Decrease number of Java threads
#   Decrease Java thread stack sizes (-Xss)
#   Set larger code cache with -XX:ReservedCodeCacheSize=
#   JVM is running with Unscaled Compressed Oops mode in which the Java heap is
#     placed in the first 4GB address space. The Java Heap base address is the
#     maximum limit for the native heap growth. Please use -XX:HeapBaseMinAddress
#     to set the Java Heap base and to place the Java Heap above 4GB virtual address.
# This output file may be truncated or incomplete.
#
#  Out of Memory Error (allocation.cpp:273), pid=7412, tid=0x0000000000002b6c
#
# JRE version: Java(TM) SE Runtime Environment (8.0_201-b09) (build 1.8.0_201-b09)
# Java VM: Java HotSpot(TM) 64-Bit Server VM (25.201-b09 mixed mode windows-amd64 compressed oops)
# Failed to write core dump. Minidumps are not enabled by default on client versions of Windows
#

---------------  T H R E A D  ---------------

Current thread (0x0000000019a18800):  JavaThread "C1 CompilerThread2" daemon [_thread_in_native, id=11116, stack(0x000000001a330000,0x000000001a430000)]

Stack: [0x000000001a330000,0x000000001a430000]
[error occurred during error reporting (printing stack bounds), id 0xc0000005]

Native frames: (J=compiled Java code, j=interpreted, Vv=VM code, C=native code)


Current CompileTask:
C1:3118134 6230       1       freemarker.core.FMParserTokenManager::TokenLexicalActions (5542 bytes)


---------------  P R O C E S S  ---------------

Java Threads: ( => current thread )
  0x000000001d79d800 JavaThread "DestroyJavaVM" [_thread_blocked, id=6748, stack(0x0000000002fc0000,0x00000000030c0000)]
  0x000000001d7a4800 JavaThread "http-nio-7000-Acceptor" daemon [_thread_in_native, id=2264, stack(0x00000000207e0000,0x00000000208e0000)]
  0x000000001d79d000 JavaThread "http-nio-7000-ClientPoller" daemon [_thread_in_native, id=10660, stack(0x00000000206e0000,0x00000000207e0000)]
  0x000000001d7a3800 JavaThread "http-nio-7000-exec-10" daemon [_thread_in_vm, id=11660, stack(0x00000000205e0000,0x00000000206e0000)]
  0x000000001d7a2000 JavaThread "http-nio-7000-exec-9" daemon [_thread_blocked, id=10424, stack(0x00000000204e0000,0x00000000205e0000)]
  0x000000001d79c000 JavaThread "http-nio-7000-exec-8" daemon [_thread_blocked, id=5412, stack(0x00000000203e0000,0x00000000204e0000)]
  0x000000001d7a1800 JavaThread "http-nio-7000-exec-7" daemon [_thread_blocked, id=5256, stack(0x00000000202e0000,0x00000000203e0000)]
  0x000000001d7a0800 JavaThread "http-nio-7000-exec-6" daemon [_thread_blocked, id=4844, stack(0x00000000201e0000,0x00000000202e0000)]
  0x000000001d79f000 JavaThread "http-nio-7000-exec-5" daemon [_thread_blocked, id=10576, stack(0x00000000200e0000,0x00000000201e0000)]
  0x000000001d7a0000 JavaThread "http-nio-7000-exec-4" daemon [_thread_blocked, id=2520, stack(0x000000001ffe0000,0x00000000200e0000)]
  0x000000001d79e800 JavaThread "http-nio-7000-exec-3" daemon [_thread_blocked, id=1348, stack(0x000000001fee0000,0x000000001ffe0000)]
  0x000000001d757000 JavaThread "http-nio-7000-exec-2" daemon [_thread_blocked, id=848, stack(0x000000001fde0000,0x000000001fee0000)]
  0x000000001d756800 JavaThread "http-nio-7000-exec-1" daemon [_thread_blocked, id=1420, stack(0x000000001fce0000,0x000000001fde0000)]
  0x000000001d751000 JavaThread "http-nio-7000-BlockPoller" daemon [_thread_in_native, id=6248, stack(0x000000001fbe0000,0x000000001fce0000)]
  0x000000001d755800 JavaThread "Eureka-CacheFillTimer" daemon [_thread_blocked, id=6160, stack(0x000000001f8e0000,0x000000001f9e0000)]
  0x000000001d755000 JavaThread "Eureka-PeerNodesUpdater" daemon [_thread_blocked, id=10964, stack(0x000000001f7e0000,0x000000001f8e0000)]
  0x000000001d750800 JavaThread "Eureka-MeasureRateTimer" daemon [_thread_blocked, id=7736, stack(0x000000001f6e0000,0x000000001f7e0000)]
  0x000000001d752000 JavaThread "ReplicaAwareInstanceRegistry - RenewalThresholdUpdater" daemon [_thread_blocked, id=5780, stack(0x000000001f5e0000,0x000000001f6e0000)]
  0x000000001d754000 JavaThread "Eureka-MeasureRateTimer" daemon [_thread_blocked, id=10936, stack(0x000000001f4e0000,0x000000001f5e0000)]
  0x000000001d753800 JavaThread "Eureka-EvictionTimer" daemon [_thread_blocked, id=6096, stack(0x000000001f3e0000,0x000000001f4e0000)]
  0x000000001d752800 JavaThread "Eureka-DeltaRetentionTimer" daemon [_thread_blocked, id=2840, stack(0x000000001f2e0000,0x000000001f3e0000)]
  0x000000001d58e000 JavaThread "container-0" [_thread_blocked, id=9020, stack(0x000000001ede0000,0x000000001eee0000)]
  0x000000001d536000 JavaThread "Catalina-utility-2" [_thread_blocked, id=280, stack(0x000000001ece0000,0x000000001ede0000)]
  0x000000001d535800 JavaThread "Catalina-utility-1" [_thread_blocked, id=12244, stack(0x000000001ebe0000,0x000000001ece0000)]
  0x0000000019514000 JavaThread "spring.cloud.inetutils" daemon [_thread_blocked, id=4028, stack(0x000000001e6e0000,0x000000001e7e0000)]
  0x0000000019596800 JavaThread "RMI Scheduler(0)" daemon [_thread_blocked, id=10456, stack(0x000000001c410000,0x000000001c510000)]
  0x0000000019cd7000 JavaThread "RMI TCP Accept-0" daemon [_thread_in_native, id=7772, stack(0x000000001a630000,0x000000001a730000)]
  0x0000000019a8e000 JavaThread "Service Thread" daemon [_thread_blocked, id=836, stack(0x000000001a430000,0x000000001a530000)]
=>0x0000000019a18800 JavaThread "C1 CompilerThread2" daemon [_thread_in_native, id=11116, stack(0x000000001a330000,0x000000001a430000)]
  0x00000000199f1000 JavaThread "C2 CompilerThread1" daemon [_thread_blocked, id=1392, stack(0x000000001a230000,0x000000001a330000)]
  0x00000000199f0000 JavaThread "C2 CompilerThread0" daemon [_thread_blocked, id=7196, stack(0x000000001a130000,0x000000001a230000)]
  0x000000001991a800 JavaThread "Monitor Ctrl-Break" daemon [_thread_in_native, id=7352, stack(0x000000001a030000,0x000000001a130000)]
  0x0000000017efa800 JavaThread "Attach Listener" daemon [_thread_blocked, id=10468, stack(0x0000000019730000,0x0000000019830000)]
  0x0000000019273800 JavaThread "Signal Dispatcher" daemon [_thread_blocked, id=11064, stack(0x0000000019630000,0x0000000019730000)]
  0x000000000322c000 JavaThread "Finalizer" daemon [_thread_blocked, id=12184, stack(0x0000000019130000,0x0000000019230000)]
  0x0000000003229000 JavaThread "Reference Handler" daemon [_thread_blocked, id=3504, stack(0x0000000019030000,0x0000000019130000)]

Other Threads:
  0x0000000017e97800 VMThread [stack: 0x0000000018f30000,0x0000000019030000] [id=6364]
  0x0000000019cdf000 WatcherThread [stack: 0x000000001a730000,0x000000001a830000] [id=7596]

VM state:not at safepoint (normal execution)

VM Mutex/Monitor currently owned by a thread: None

heap address: 0x0000000082200000, size: 2014 MB, Compressed Oops mode: 32-bit
Narrow klass base: 0x0000000000000000, Narrow klass shift: 3
Compressed class space size: 1073741824 Address: 0x0000000100000000

Heap:
 PSYoungGen      total 220160K, used 176258K [0x00000000d6100000, 0x00000000e5100000, 0x0000000100000000)
  eden space 209408K, 79% used [0x00000000d6100000,0x00000000e0320730,0x00000000e2d80000)
  from space 10752K, 95% used [0x00000000e4680000,0x00000000e5080258,0x00000000e5100000)
  to   space 15872K, 0% used [0x00000000e3200000,0x00000000e3200000,0x00000000e4180000)
 ParOldGen       total 90112K, used 20199K [0x0000000082200000, 0x0000000087a00000, 0x00000000d6100000)
  object space 90112K, 22% used [0x0000000082200000,0x00000000835b9e00,0x0000000087a00000)
 Metaspace       used 49941K, capacity 52509K, committed 52864K, reserved 1095680K
  class space    used 6978K, capacity 7428K, committed 7552K, reserved 1048576K

Card table byte_map: [0x00000000127c0000,0x0000000012bb0000] byte_map_base: 0x00000000123af000

Marking Bits: (ParMarkBitMap*) 0x000000006f9e4ce0
 Begin Bits: [0x0000000013250000, 0x00000000151c8000)
 End Bits:   [0x00000000151c8000, 0x0000000017140000)

Polling page: 0x0000000000bf0000

CodeCache: size=245760Kb used=11956Kb max_used=11956Kb free=233803Kb
 bounds [0x0000000003400000, 0x0000000003fc0000, 0x0000000012400000]
 total_blobs=6607 nmethods=6102 adapters=416
 compilation: enabled

Compilation events (10 events):
Event: 3118.127 Thread 0x0000000019a18800 nmethod 6225 0x0000000003fad250 code [0x0000000003fad3a0, 0x0000000003fad4e8]
Event: 3118.127 Thread 0x0000000019a18800 6226   !   1       freemarker.core.FMParserTokenManager::getNextToken (615 bytes)
Event: 3118.128 Thread 0x0000000019a18800 nmethod 6226 0x0000000003fad590 code [0x0000000003fad840, 0x0000000003fae328]
Event: 3118.128 Thread 0x0000000019a18800 6227       1       freemarker.core.FMParserTokenManager::jjFillToken (97 bytes)
Event: 3118.128 Thread 0x0000000019a18800 nmethod 6227 0x0000000003faee90 code [0x0000000003faf000, 0x0000000003faf2a8]
Event: 3118.128 Thread 0x0000000019a18800 6228       1       freemarker.core.SimpleCharStream::GetImage (97 bytes)
Event: 3118.129 Thread 0x0000000019a18800 nmethod 6228 0x0000000003faf650 code [0x0000000003faf800, 0x0000000003fafcd8]
Event: 3118.129 Thread 0x0000000019a18800 6231       1       freemarker.core.FMParser::jj_consume_token (170 bytes)
Event: 3118.129 Thread 0x0000000019a18800 nmethod 6231 0x0000000003faff10 code [0x0000000003fb0080, 0x0000000003fb0338]
Event: 3118.129 Thread 0x0000000019a18800 6230       1       freemarker.core.FMParserTokenManager::TokenLexicalActions (5542 bytes)

GC Heap History (10 events):
Event: 2.763 GC heap before
{Heap before GC invocations=8 (full 1):
 PSYoungGen      total 109568K, used 109342K [0x00000000d6100000, 0x00000000dee00000, 0x0000000100000000)
  eden space 104960K, 100% used [0x00000000d6100000,0x00000000dc780000,0x00000000dc780000)
  from space 4608K, 95% used [0x00000000de980000,0x00000000dedc78d0,0x00000000dee00000)
  to   space 8704K, 0% used [0x00000000ddd00000,0x00000000ddd00000,0x00000000de580000)
 ParOldGen       total 54784K, used 7085K [0x0000000082200000, 0x0000000085780000, 0x00000000d6100000)
  object space 54784K, 12% used [0x0000000082200000,0x00000000828eb720,0x0000000085780000)
 Metaspace       used 26451K, capacity 27448K, committed 27648K, reserved 1073152K
  class space    used 3573K, capacity 3820K, committed 3840K, reserved 1048576K
Event: 2.770 GC heap after
Heap after GC invocations=8 (full 1):
 PSYoungGen      total 135680K, used 8673K [0x00000000d6100000, 0x00000000e1600000, 0x0000000100000000)
  eden space 126976K, 0% used [0x00000000d6100000,0x00000000d6100000,0x00000000ddd00000)
  from space 8704K, 99% used [0x00000000ddd00000,0x00000000de578410,0x00000000de580000)
  to   space 10240K, 0% used [0x00000000e0c00000,0x00000000e0c00000,0x00000000e1600000)
 ParOldGen       total 54784K, used 7449K [0x0000000082200000, 0x0000000085780000, 0x00000000d6100000)
  object space 54784K, 13% used [0x0000000082200000,0x00000000829467d8,0x0000000085780000)
 Metaspace       used 26451K, capacity 27448K, committed 27648K, reserved 1073152K
  class space    used 3573K, capacity 3820K, committed 3840K, reserved 1048576K
}
Event: 3.407 GC heap before
{Heap before GC invocations=9 (full 1):
 PSYoungGen      total 135680K, used 135649K [0x00000000d6100000, 0x00000000e1600000, 0x0000000100000000)
  eden space 126976K, 100% used [0x00000000d6100000,0x00000000ddd00000,0x00000000ddd00000)
  from space 8704K, 99% used [0x00000000ddd00000,0x00000000de578410,0x00000000de580000)
  to   space 10240K, 0% used [0x00000000e0c00000,0x00000000e0c00000,0x00000000e1600000)
 ParOldGen       total 54784K, used 7449K [0x0000000082200000, 0x0000000085780000, 0x00000000d6100000)
  object space 54784K, 13% used [0x0000000082200000,0x00000000829467d8,0x0000000085780000)
 Metaspace       used 31934K, capacity 33388K, committed 33536K, reserved 1079296K
  class space    used 4299K, capacity 4564K, committed 4608K, reserved 1048576K
Event: 3.419 GC heap after
Heap after GC invocations=9 (full 1):
 PSYoungGen      total 172544K, used 10228K [0x00000000d6100000, 0x00000000e3a80000, 0x0000000100000000)
  eden space 162304K, 0% used [0x00000000d6100000,0x00000000d6100000,0x00000000dff80000)
  from space 10240K, 99% used [0x00000000e0c00000,0x00000000e15fd030,0x00000000e1600000)
  to   space 12800K, 0% used [0x00000000dff80000,0x00000000dff80000,0x00000000e0c00000)
 ParOldGen       total 54784K, used 11251K [0x0000000082200000, 0x0000000085780000, 0x00000000d6100000)
  object space 54784K, 20% used [0x0000000082200000,0x0000000082cfcd28,0x0000000085780000)
 Metaspace       used 31934K, capacity 33388K, committed 33536K, reserved 1079296K
  class space    used 4299K, capacity 4564K, committed 4608K, reserved 1048576K
}
Event: 3.772 GC heap before
{Heap before GC invocations=10 (full 1):
 PSYoungGen      total 172544K, used 74796K [0x00000000d6100000, 0x00000000e3a80000, 0x0000000100000000)
  eden space 162304K, 39% used [0x00000000d6100000,0x00000000da00e2c0,0x00000000dff80000)
  from space 10240K, 99% used [0x00000000e0c00000,0x00000000e15fd030,0x00000000e1600000)
  to   space 12800K, 0% used [0x00000000dff80000,0x00000000dff80000,0x00000000e0c00000)
 ParOldGen       total 54784K, used 11251K [0x0000000082200000, 0x0000000085780000, 0x00000000d6100000)
  object space 54784K, 20% used [0x0000000082200000,0x0000000082cfcd28,0x0000000085780000)
 Metaspace       used 33705K, capacity 35316K, committed 35456K, reserved 1079296K
  class space    used 4579K, capacity 4898K, committed 4992K, reserved 1048576K
Event: 3.785 GC heap after
Heap after GC invocations=10 (full 1):
 PSYoungGen      total 175104K, used 12791K [0x00000000d6100000, 0x00000000e5600000, 0x0000000100000000)
  eden space 162304K, 0% used [0x00000000d6100000,0x00000000d6100000,0x00000000dff80000)
  from space 12800K, 99% used [0x00000000dff80000,0x00000000e0bfdf60,0x00000000e0c00000)
  to   space 15872K, 0% used [0x00000000e4680000,0x00000000e4680000,0x00000000e5600000)
 ParOldGen       total 54784K, used 13656K [0x0000000082200000, 0x0000000085780000, 0x00000000d6100000)
  object space 54784K, 24% used [0x0000000082200000,0x0000000082f560e8,0x0000000085780000)
 Metaspace       used 33705K, capacity 35316K, committed 35456K, reserved 1079296K
  class space    used 4579K, capacity 4898K, committed 4992K, reserved 1048576K
}
Event: 3.786 GC heap before
{Heap before GC invocations=11 (full 2):
 PSYoungGen      total 175104K, used 12791K [0x00000000d6100000, 0x00000000e5600000, 0x0000000100000000)
  eden space 162304K, 0% used [0x00000000d6100000,0x00000000d6100000,0x00000000dff80000)
  from space 12800K, 99% used [0x00000000dff80000,0x00000000e0bfdf60,0x00000000e0c00000)
  to   space 15872K, 0% used [0x00000000e4680000,0x00000000e4680000,0x00000000e5600000)
 ParOldGen       total 54784K, used 13656K [0x0000000082200000, 0x0000000085780000, 0x00000000d6100000)
  object space 54784K, 24% used [0x0000000082200000,0x0000000082f560e8,0x0000000085780000)
 Metaspace       used 33705K, capacity 35316K, committed 35456K, reserved 1079296K
  class space    used 4579K, capacity 4898K, committed 4992K, reserved 1048576K
Event: 3.847 GC heap after
Heap after GC invocations=11 (full 2):
 PSYoungGen      total 175104K, used 0K [0x00000000d6100000, 0x00000000e5600000, 0x0000000100000000)
  eden space 162304K, 0% used [0x00000000d6100000,0x00000000d6100000,0x00000000dff80000)
  from space 12800K, 0% used [0x00000000dff80000,0x00000000dff80000,0x00000000e0c00000)
  to   space 15872K, 0% used [0x00000000e4680000,0x00000000e4680000,0x00000000e5600000)
 ParOldGen       total 90112K, used 20191K [0x0000000082200000, 0x0000000087a00000, 0x00000000d6100000)
  object space 90112K, 22% used [0x0000000082200000,0x00000000835b7e00,0x0000000087a00000)
 Metaspace       used 33705K, capacity 35316K, committed 35456K, reserved 1079296K
  class space    used 4579K, capacity 4898K, committed 4992K, reserved 1048576K
}
Event: 4.952 GC heap before
{Heap before GC invocations=12 (full 2):
 PSYoungGen      total 175104K, used 162304K [0x00000000d6100000, 0x00000000e5600000, 0x0000000100000000)
  eden space 162304K, 100% used [0x00000000d6100000,0x00000000dff80000,0x00000000dff80000)
  from space 12800K, 0% used [0x00000000dff80000,0x00000000dff80000,0x00000000e0c00000)
  to   space 15872K, 0% used [0x00000000e4680000,0x00000000e4680000,0x00000000e5600000)
 ParOldGen       total 90112K, used 20191K [0x0000000082200000, 0x0000000087a00000, 0x00000000d6100000)
  object space 90112K, 22% used [0x0000000082200000,0x00000000835b7e00,0x0000000087a00000)
 Metaspace       used 41926K, capacity 44004K, committed 44160K, reserved 1087488K
  class space    used 5853K, capacity 6240K, committed 6272K, reserved 1048576K
Event: 4.961 GC heap after
Heap after GC invocations=12 (full 2):
 PSYoungGen      total 220160K, used 10240K [0x00000000d6100000, 0x00000000e5100000, 0x0000000100000000)
  eden space 209408K, 0% used [0x00000000d6100000,0x00000000d6100000,0x00000000e2d80000)
  from space 10752K, 95% used [0x00000000e4680000,0x00000000e5080258,0x00000000e5100000)
  to   space 15872K, 0% used [0x00000000e3200000,0x00000000e3200000,0x00000000e4180000)
 ParOldGen       total 90112K, used 20199K [0x0000000082200000, 0x0000000087a00000, 0x00000000d6100000)
  object space 90112K, 22% used [0x0000000082200000,0x00000000835b9e00,0x0000000087a00000)
 Metaspace       used 41926K, capacity 44004K, committed 44160K, reserved 1087488K
  class space    used 5853K, capacity 6240K, committed 6272K, reserved 1048576K
}

Deoptimization events (0 events):
No events

Classes redefined (0 events):
No events

Internal exceptions (10 events):
Event: 6.091 Thread 0x000000001d7a9000 Exception <a 'java/lang/ArrayIndexOutOfBoundsException'> (0x00000000db9072b0) thrown at [C:\re\workspace\8-2-build-windows-amd64-cygwin\jdk8u201\12322\hotspot\src\share\vm\runtime\sharedRuntime.cpp, line 605]
Event: 6.091 Thread 0x000000001d7a9000 Exception <a 'java/lang/ArrayIndexOutOfBoundsException'> (0x00000000db909900) thrown at [C:\re\workspace\8-2-build-windows-amd64-cygwin\jdk8u201\12322\hotspot\src\share\vm\runtime\sharedRuntime.cpp, line 605]
Event: 6.091 Thread 0x000000001d7a9000 Exception <a 'java/lang/ArrayIndexOutOfBoundsException'> (0x00000000db90af40) thrown at [C:\re\workspace\8-2-build-windows-amd64-cygwin\jdk8u201\12322\hotspot\src\share\vm\runtime\sharedRuntime.cpp, line 605]
Event: 6.092 Thread 0x000000001d7a9000 Exception <a 'java/lang/ArrayIndexOutOfBoundsException'> (0x00000000db90e390) thrown at [C:\re\workspace\8-2-build-windows-amd64-cygwin\jdk8u201\12322\hotspot\src\share\vm\runtime\sharedRuntime.cpp, line 605]
Event: 6.092 Thread 0x000000001d7a9000 Exception <a 'java/lang/ArrayIndexOutOfBoundsException'> (0x00000000db911260) thrown at [C:\re\workspace\8-2-build-windows-amd64-cygwin\jdk8u201\12322\hotspot\src\share\vm\runtime\sharedRuntime.cpp, line 605]
Event: 6.093 Thread 0x000000001d7a9000 Exception <a 'java/lang/ArrayIndexOutOfBoundsException'> (0x00000000db913818) thrown at [C:\re\workspace\8-2-build-windows-amd64-cygwin\jdk8u201\12322\hotspot\src\share\vm\runtime\sharedRuntime.cpp, line 605]
Event: 6.093 Thread 0x000000001d7a9000 Exception <a 'java/lang/ArrayIndexOutOfBoundsException'> (0x00000000db9159b8) thrown at [C:\re\workspace\8-2-build-windows-amd64-cygwin\jdk8u201\12322\hotspot\src\share\vm\runtime\sharedRuntime.cpp, line 605]
Event: 6.095 Thread 0x000000001bb7f800 Exception <a 'java/lang/ArrayIndexOutOfBoundsException'> (0x00000000dbad2970) thrown at [C:\re\workspace\8-2-build-windows-amd64-cygwin\jdk8u201\12322\hotspot\src\share\vm\runtime\sharedRuntime.cpp, line 605]
Event: 31.051 Thread 0x000000001d757000 Exception <a 'java/lang/ArrayIndexOutOfBoundsException'> (0x00000000dce72338) thrown at [C:\re\workspace\8-2-build-windows-amd64-cygwin\jdk8u201\12322\hotspot\src\share\vm\runtime\sharedRuntime.cpp, line 605]
Event: 39.193 Thread 0x000000001d755800 Exception <a 'java/lang/ArrayIndexOutOfBoundsException'> (0x00000000dc02f100) thrown at [C:\re\workspace\8-2-build-windows-amd64-cygwin\jdk8u201\12322\hotspot\src\share\vm\runtime\sharedRuntime.cpp, line 605]

Events (10 events):
Event: 3118.132 loading class freemarker/core/NonStringException
Event: 3118.132 loading class freemarker/core/NonStringException done
Event: 3118.132 loading class freemarker/core/UnexpectedTypeException
Event: 3118.132 loading class freemarker/core/UnexpectedTypeException done
Event: 3118.132 loading class freemarker/template/TemplateDateModel
Event: 3118.132 loading class freemarker/template/TemplateDateModel done
Event: 3118.132 loading class freemarker/template/TemplateSequenceModel
Event: 3118.132 loading class freemarker/template/TemplateSequenceModel done
Event: 3118.133 loading class freemarker/core/DefaultToExpression
Event: 3118.133 loading class freemarker/core/DefaultToExpression done


Dynamic libraries:
0x00007ff6e7de0000 - 0x00007ff6e7e17000 	D:\Program Files\Java\jdk1.8.0_201\bin\java.exe
0x00007ffa51cc0000 - 0x00007ffa51ead000 	C:\Windows\SYSTEM32\ntdll.dll
0x00007ffa4f300000 - 0x00007ffa4f3b3000 	C:\Windows\System32\KERNEL32.DLL
0x00007ffa4ddf0000 - 0x00007ffa4e083000 	C:\Windows\System32\KERNELBASE.dll
0x00007ffa4f1d0000 - 0x00007ffa4f273000 	C:\Windows\System32\ADVAPI32.DLL
0x00007ffa51620000 - 0x00007ffa516be000 	C:\Windows\System32\msvcrt.dll
0x00007ffa4eef0000 - 0x00007ffa4ef8e000 	C:\Windows\System32\sechost.dll
0x00007ffa514f0000 - 0x00007ffa51612000 	C:\Windows\System32\RPCRT4.dll
0x00007ffa4f3c0000 - 0x00007ffa4f557000 	C:\Windows\System32\USER32.dll
0x00007ffa4e160000 - 0x00007ffa4e180000 	C:\Windows\System32\win32u.dll
0x00007ffa4f1a0000 - 0x00007ffa4f1c9000 	C:\Windows\System32\GDI32.dll
0x00007ffa4e180000 - 0x00007ffa4e31a000 	C:\Windows\System32\gdi32full.dll
0x00007ffa4e090000 - 0x00007ffa4e130000 	C:\Windows\System32\msvcp_win.dll
0x00007ffa4ed80000 - 0x00007ffa4ee7a000 	C:\Windows\System32\ucrtbase.dll
0x00007ffa40ca0000 - 0x00007ffa40f19000 	C:\Windows\WinSxS\amd64_microsoft.windows.common-controls_6595b64144ccf1df_6.0.17763.557_none_05b63f68071e5b9f\COMCTL32.dll
0x00007ffa4fa70000 - 0x00007ffa4fd9c000 	C:\Windows\System32\combase.dll
0x00007ffa4ea70000 - 0x00007ffa4eaee000 	C:\Windows\System32\bcryptPrimitives.dll
0x00007ffa4f170000 - 0x00007ffa4f19e000 	C:\Windows\System32\IMM32.DLL
0x000000006fa70000 - 0x000000006fb41000 	D:\Program Files\Java\jdk1.8.0_201\jre\bin\msvcr100.dll
0x000000006f1c0000 - 0x000000006fa64000 	D:\Program Files\Java\jdk1.8.0_201\jre\bin\server\jvm.dll
0x00007ffa51480000 - 0x00007ffa51488000 	C:\Windows\System32\PSAPI.DLL
0x00007ffa41170000 - 0x00007ffa41179000 	C:\Windows\SYSTEM32\WSOCK32.dll
0x00007ffa4f710000 - 0x00007ffa4f77d000 	C:\Windows\System32\WS2_32.dll
0x00007ffa4be00000 - 0x00007ffa4be24000 	C:\Windows\SYSTEM32\WINMM.dll
0x00007ffa44770000 - 0x00007ffa4477a000 	C:\Windows\SYSTEM32\VERSION.dll
0x00007ffa4bdd0000 - 0x00007ffa4bdfd000 	C:\Windows\SYSTEM32\WINMMBASE.dll
0x00007ffa4ee80000 - 0x00007ffa4eeca000 	C:\Windows\System32\cfgmgr32.dll
0x00007ffa3ae90000 - 0x00007ffa3ae9f000 	D:\Program Files\Java\jdk1.8.0_201\jre\bin\verify.dll
0x00007ffa31200000 - 0x00007ffa31229000 	D:\Program Files\Java\jdk1.8.0_201\jre\bin\java.dll
0x00007ffa416d0000 - 0x00007ffa416f3000 	D:\Program Files\Java\jdk1.8.0_201\jre\bin\instrument.dll
0x00007ffa306c0000 - 0x00007ffa306d6000 	D:\Program Files\Java\jdk1.8.0_201\jre\bin\zip.dll
0x00007ffa4fda0000 - 0x00007ffa51290000 	C:\Windows\System32\SHELL32.dll
0x00007ffa4f0c0000 - 0x00007ffa4f168000 	C:\Windows\System32\shcore.dll
0x00007ffa4e320000 - 0x00007ffa4ea6a000 	C:\Windows\System32\windows.storage.dll
0x00007ffa4dd00000 - 0x00007ffa4dd24000 	C:\Windows\System32\profapi.dll
0x00007ffa4dd30000 - 0x00007ffa4dd8d000 	C:\Windows\System32\powrprof.dll
0x00007ffa51290000 - 0x00007ffa512e2000 	C:\Windows\System32\shlwapi.dll
0x00007ffa4dcc0000 - 0x00007ffa4dcd1000 	C:\Windows\System32\kernel.appcore.dll
0x00007ffa4eed0000 - 0x00007ffa4eee7000 	C:\Windows\System32\cryptsp.dll
0x00007ffa43300000 - 0x00007ffa4331a000 	D:\Program Files\JetBrains\IntelliJ IDEA 2018.3.5\bin\breakgen64.dll
0x00007ffa30300000 - 0x00007ffa3031a000 	D:\Program Files\Java\jdk1.8.0_201\jre\bin\net.dll
0x00007ffa441a0000 - 0x00007ffa44377000 	C:\Windows\SYSTEM32\urlmon.dll
0x00007ffa42250000 - 0x00007ffa424f8000 	C:\Windows\SYSTEM32\iertutil.dll
0x00007ffa4d680000 - 0x00007ffa4d68c000 	C:\Windows\SYSTEM32\CRYPTBASE.DLL
0x00007ffa4d4b0000 - 0x00007ffa4d517000 	C:\Windows\system32\mswsock.dll
0x00007ffa4d250000 - 0x00007ffa4d316000 	C:\Windows\SYSTEM32\DNSAPI.dll
0x00007ffa4f8f0000 - 0x00007ffa4f8f8000 	C:\Windows\System32\NSI.dll
0x00007ffa4d210000 - 0x00007ffa4d24d000 	C:\Windows\SYSTEM32\IPHLPAPI.DLL
0x00007ffa42240000 - 0x00007ffa4224a000 	C:\Windows\System32\rasadhlp.dll
0x00007ffa44120000 - 0x00007ffa44199000 	C:\Windows\System32\fwpuclnt.dll
0x00007ffa4e130000 - 0x00007ffa4e156000 	C:\Windows\System32\bcrypt.dll
0x00007ffa443e0000 - 0x00007ffa443ed000 	D:\Program Files\Java\jdk1.8.0_201\jre\bin\management.dll
0x00007ffa2f090000 - 0x00007ffa2f0a1000 	D:\Program Files\Java\jdk1.8.0_201\jre\bin\nio.dll
0x00007ffa4d070000 - 0x00007ffa4d0a3000 	C:\Windows\system32\rsaenh.dll
0x00007ffa4dbf0000 - 0x00007ffa4dc18000 	C:\Windows\SYSTEM32\USERENV.dll
0x00007ffa44c30000 - 0x00007ffa44c46000 	C:\Windows\SYSTEM32\dhcpcsvc6.DLL
0x00007ffa44be0000 - 0x00007ffa44bfc000 	C:\Windows\SYSTEM32\dhcpcsvc.DLL
0x00007ffa38970000 - 0x00007ffa38986000 	C:\Windows\system32\napinsp.dll
0x00007ffa38950000 - 0x00007ffa3896a000 	C:\Windows\system32\pnrpnsp.dll
0x00007ffa387c0000 - 0x00007ffa387ce000 	C:\Windows\System32\winrnr.dll
0x00007ffa4a550000 - 0x00007ffa4a56b000 	C:\Windows\system32\NLAapi.dll
0x00007ffa387a0000 - 0x00007ffa387b5000 	C:\Windows\system32\wshbth.dll
0x0000000180000000 - 0x0000000180281000 	D:\Java\tomcat\apache-tomcat-8.5.39\bin\tcnative-1.dll
0x00007ffa4eaf0000 - 0x00007ffa4eccb000 	C:\Windows\System32\CRYPT32.dll
0x00007ffa4dce0000 - 0x00007ffa4dcf2000 	C:\Windows\System32\MSASN1.dll

VM Arguments:
jvm_args: -XX:TieredStopAtLevel=1 -Xverify:none -Dspring.output.ansi.enabled=always -Dcom.sun.management.jmxremote -Dspring.liveBeansView.mbeanDomain -Dspring.application.admin.enabled=true -javaagent:D:\Program Files\JetBrains\IntelliJ IDEA 2018.3.5\lib\idea_rt.jar=56552:D:\Program Files\JetBrains\IntelliJ IDEA 2018.3.5\bin -Dfile.encoding=UTF-8 
java_command: com.itheima.eurekaserver.EurekaServerApplication
java_class_path (initial): D:\Program Files\Java\jdk1.8.0_201\jre\lib\charsets.jar;D:\Program Files\Java\jdk1.8.0_201\jre\lib\deploy.jar;D:\Program Files\Java\jdk1.8.0_201\jre\lib\ext\access-bridge-64.jar;D:\Program Files\Java\jdk1.8.0_201\jre\lib\ext\cldrdata.jar;D:\Program Files\Java\jdk1.8.0_201\jre\lib\ext\dnsns.jar;D:\Program Files\Java\jdk1.8.0_201\jre\lib\ext\jaccess.jar;D:\Program Files\Java\jdk1.8.0_201\jre\lib\ext\jfxrt.jar;D:\Program Files\Java\jdk1.8.0_201\jre\lib\ext\localedata.jar;D:\Program Files\Java\jdk1.8.0_201\jre\lib\ext\nashorn.jar;D:\Program Files\Java\jdk1.8.0_201\jre\lib\ext\sunec.jar;D:\Program Files\Java\jdk1.8.0_201\jre\lib\ext\sunjce_provider.jar;D:\Program Files\Java\jdk1.8.0_201\jre\lib\ext\sunmscapi.jar;D:\Program Files\Java\jdk1.8.0_201\jre\lib\ext\sunpkcs11.jar;D:\Program Files\Java\jdk1.8.0_201\jre\lib\ext\zipfs.jar;D:\Program Files\Java\jdk1.8.0_201\jre\lib\javaws.jar;D:\Program Files\Java\jdk1.8.0_201\jre\lib\jce.jar;D:\Program Files\Java\jdk1.8.0_201\jre\lib\jfr.jar;D:\Program Files\Java\jdk1.8.0_201\jre\lib\jfxswt.jar;D:\Program Files\Java\jdk1.8.0_201\jre\lib\jsse.jar;D:\Program Files\Java\jdk1.8.0_201\jre\lib\management-agent.jar;D:\Program Files\Java\jdk1.8.0_201\jre\lib\plugin.jar;D:\Program Files\Java\jdk1.8.0_201\jre\lib\resources.jar;D:\Program Files\Java\jdk1.8.0_201\jre\lib\rt.jar;D:\eureka-server\target\classes;C:\Users\itcast\.m2\repository\org\springframework\cloud\spring-cloud-starter-netflix-eureka-server\2.1.2.RELEASE\spring-cloud-starter-netflix-eureka-server-2.1.2.RELEASE.jar;C:\Users\itcast\.m2\repository\org\springframework\cloud\spring-cloud-starter\2.1.2.RELEASE\spring-cloud-starter-2.1.2.RELEASE.jar;C:\Users\itcast\.m2\repository\org\springframework\cloud\spring-cloud-context\2.1.2.RELEASE\spring-cloud-context-2.1.2.RELEASE.jar;C:\Users\itcast\.m2\repository\org\springframework\security\spring-security-crypto\5.1.6.RELEASE\spring-security-crypto-5.1.6.RELEASE.jar;C:\Users\itcast\.m2\repository\org\springf
Launcher Type: SUN_STANDARD

Environment Variables:
JAVA_HOME=D:\Program Files\Java\jdk1.8.0_201
CLASSPATH=".;D:\Program Files\Java\jdk1.8.0_201\lib\dt.jar;D:\Program Files\Java\jdk1.8.0_201\lib\tools.jar;";
PATH=D:\app\itcast\product\11.2.0\dbhome_1\bin;C:\Program Files (x86)\Common Files\Oracle\Java\javapath;C:\Windows\system32;C:\Windows;C:\Windows\System32\Wbem;C:\Windows\System32\WindowsPowerShell\v1.0\;C:\Windows\System32\OpenSSH\;D:\Program Files\Java\jdk1.8.0_201\bin;D:\maven\apache-maven-3.6.0\bin;D:\Java\mysql\bin;D:\Java\tomcat\apache-tomcat-8.5.39\bin;D:\Java\tomcat\apache-tomcat-8.5.39\lib;D:\Java\plsql\PLSQL\instantclient_11_2;D:\Java\maven\apache-maven-3.6.0\bin;C:\Users\itcast\AppData\Local\Microsoft\WindowsApps;C:\Users\itcast\AppData\Local\BypassRuntm;D:\Java\mysql\mysqlData\mysql-8.0.15-winx64\bin;
USERNAME=itcast
OS=Windows_NT
PROCESSOR_IDENTIFIER=Intel64 Family 6 Model 158 Stepping 11, GenuineIntel



---------------  S Y S T E M  ---------------

OS: Windows 10.0 , 64 bit Build 17763 (10.0.17763.475)

CPU:total 4 (initial active 4) (4 cores per cpu, 1 threads per core) family 6 model 158 stepping 11, cmov, cx8, fxsr, mmx, sse, sse2, sse3, ssse3, sse4.1, sse4.2, popcnt, avx, avx2, aes, clmul, erms, 3dnowpref, lzcnt, tsc, tscinvbit, bmi1, bmi2, adx

Memory: 4k page, physical 8246724k(2092924k free), swap 9295300k(5148k free)

vm_info: Java HotSpot(TM) 64-Bit Server VM (25.201-b09) for windows-amd64 JRE (1.8.0_201-b09), built on Dec 15 2018 18:36:39 by "java_re" with MS VC++ 10.0 (VS2010)

time: Mon Sep 09 12:33:18 2019
timezone: 中国标准时间
elapsed time: 3118 seconds (0d 0h 51m 58s)

